c:\dev\examine-master\visual_studio\vc14\libexamine\x64\debug\vc141.pdb
c:\dev\examine-master\visual_studio\vc14\libexamine\x64\debug\vc141.idb
c:\dev\examine-master\visual_studio\vc14\libexamine\x64\debug\examine_str.obj
c:\dev\examine-master\visual_studio\vc14\libexamine\x64\debug\examine_stack_pdb.obj
c:\dev\examine-master\visual_studio\vc14\libexamine\x64\debug\examine_process.obj
c:\dev\examine-master\visual_studio\vc14\libexamine\x64\debug\examine_pe.obj
c:\dev\examine-master\visual_studio\vc14\libexamine\x64\debug\examine_map.obj
c:\dev\examine-master\visual_studio\vc14\libexamine\x64\debug\examine_main.obj
c:\dev\examine-master\visual_studio\vc14\libexamine\x64\debug\examine_log.obj
c:\dev\examine-master\visual_studio\vc14\libexamine\x64\debug\examine_list.obj
c:\dev\examine-master\visual_studio\vc14\libexamine\x64\debug\examine_injection.obj
c:\dev\examine-master\visual_studio\vc14\libexamine\x64\debug\examine_file.obj
c:\dev\examine-master\visual_studio\vc14\x64\debug\libexamine.lib
c:\dev\examine-master\visual_studio\vc14\x64\debug\libexamine.exp
c:\dev\examine-master\visual_studio\vc14\x64\debug\libexamine.ilk
c:\dev\examine-master\visual_studio\vc14\x64\debug\libexamine.dll
c:\dev\examine-master\visual_studio\vc14\x64\debug\libexamine.pdb
c:\dev\examine-master\visual_studio\vc14\libexamine\x64\debug\libexamine.tlog\cl.command.1.tlog
c:\dev\examine-master\visual_studio\vc14\libexamine\x64\debug\libexamine.tlog\cl.read.1.tlog
c:\dev\examine-master\visual_studio\vc14\libexamine\x64\debug\libexamine.tlog\cl.write.1.tlog
c:\dev\examine-master\visual_studio\vc14\libexamine\x64\debug\libexamine.tlog\libexamine.write.1u.tlog
c:\dev\examine-master\visual_studio\vc14\libexamine\x64\debug\libexamine.tlog\link.command.1.tlog
c:\dev\examine-master\visual_studio\vc14\libexamine\x64\debug\libexamine.tlog\link.read.1.tlog
c:\dev\examine-master\visual_studio\vc14\libexamine\x64\debug\libexamine.tlog\link.write.1.tlog
